<?xml version="1.0" encoding="UTF-8"?>
<testng-results skipped="0" failed="0" ignored="0" total="1" passed="1">
  <reporter-output>
  </reporter-output>
  <suite name="Default suite" duration-ms="6940" started-at="2020-09-01T16:55:11 CDT" finished-at="2020-09-01T16:55:18 CDT">
    <groups>
    </groups>
    <test name="Default test" duration-ms="6940" started-at="2020-09-01T16:55:11 CDT" finished-at="2020-09-01T16:55:18 CDT">
      <class name="test_Categoary.categoary_test">
        <test-method status="PASS" signature="browser()[pri:0, instance:test_Categoary.categoary_test@530612ba]" name="browser" duration-ms="6837" started-at="2020-09-01T16:55:11 CDT" finished-at="2020-09-01T16:55:18 CDT">
          <reporter-output>
          </reporter-output>
        </test-method> <!-- browser -->
      </class> <!-- test_Categoary.categoary_test -->
    </test> <!-- Default test -->
  </suite> <!-- Default suite -->
</testng-results>
